[0.053s] DEBUG:colcon:Command line arguments: ['/usr/bin/colcon', 'build', '--symlink-install']
[0.053s] DEBUG:colcon:Parsed command line arguments: Namespace(log_base=None, log_level=None, verb_name='build', build_base='build', install_base='install', merge_install=False, symlink_install=True, test_result_base=None, continue_on_error=False, executor='parallel', parallel_workers=20, event_handlers=None, ignore_user_meta=False, metas=['./colcon.meta'], base_paths=['.'], packages_ignore=None, packages_ignore_regex=None, paths=None, packages_up_to=None, packages_up_to_regex=None, packages_above=None, packages_above_and_dependencies=None, packages_above_depth=None, packages_select_by_dep=None, packages_skip_by_dep=None, packages_skip_up_to=None, packages_select_build_failed=False, packages_skip_build_finished=False, packages_select_test_failures=False, packages_skip_test_passed=False, packages_select=None, packages_skip=None, packages_select_regex=None, packages_skip_regex=None, packages_start=None, packages_end=None, allow_overriding=[], cmake_args=None, cmake_target=None, cmake_target_skip_unavailable=False, cmake_clean_cache=False, cmake_clean_first=False, cmake_force_configure=False, ament_cmake_args=None, catkin_cmake_args=None, catkin_skip_building_tests=False, verb_parser=<colcon_defaults.argument_parser.defaults.DefaultArgumentsDecorator object at 0x7da6fad09420>, verb_extension=<colcon_core.verb.build.BuildVerb object at 0x7da6fad08eb0>, main=<bound method BuildVerb.main of <colcon_core.verb.build.BuildVerb object at 0x7da6fad08eb0>>)
[0.073s] Level 1:colcon.colcon_core.package_discovery:discover_packages(colcon_meta) check parameters
[0.073s] Level 1:colcon.colcon_core.package_discovery:discover_packages(recursive) check parameters
[0.073s] Level 1:colcon.colcon_core.package_discovery:discover_packages(ignore) check parameters
[0.073s] Level 1:colcon.colcon_core.package_discovery:discover_packages(path) check parameters
[0.073s] Level 1:colcon.colcon_core.package_discovery:discover_packages(colcon_meta) discover
[0.074s] Level 1:colcon.colcon_core.package_discovery:discover_packages(recursive) discover
[0.074s] INFO:colcon.colcon_core.package_discovery:Crawling recursively for packages in '/home/emil/ros2_ws_lp/src/bb_mpc'
[0.074s] Level 1:colcon.colcon_core.package_identification:_identify(.) by extensions ['ignore', 'ignore_ament_install']
[0.074s] Level 1:colcon.colcon_core.package_identification:_identify(.) by extension 'ignore'
[0.074s] Level 1:colcon.colcon_core.package_identification:_identify(.) by extension 'ignore_ament_install'
[0.074s] Level 1:colcon.colcon_core.package_identification:_identify(.) by extensions ['colcon_pkg']
[0.074s] Level 1:colcon.colcon_core.package_identification:_identify(.) by extension 'colcon_pkg'
[0.074s] Level 1:colcon.colcon_core.package_identification:_identify(.) by extensions ['colcon_meta']
[0.074s] Level 1:colcon.colcon_core.package_identification:_identify(.) by extension 'colcon_meta'
[0.074s] Level 1:colcon.colcon_core.package_identification:_identify(.) by extensions ['ros']
[0.074s] Level 1:colcon.colcon_core.package_identification:_identify(.) by extension 'ros'
[0.086s] DEBUG:colcon.colcon_core.package_identification:Package '.' with type 'ros.ament_python' and name 'bb_mpc'
[0.086s] Level 1:colcon.colcon_core.package_discovery:discover_packages(recursive) using defaults
[0.086s] Level 1:colcon.colcon_core.package_discovery:discover_packages(ignore) discover
[0.086s] Level 1:colcon.colcon_core.package_discovery:discover_packages(ignore) using defaults
[0.086s] Level 1:colcon.colcon_core.package_discovery:discover_packages(path) discover
[0.086s] Level 1:colcon.colcon_core.package_discovery:discover_packages(path) using defaults
[0.099s] Level 1:colcon.colcon_core.package_discovery:discover_packages(prefix_path) check parameters
[0.099s] Level 1:colcon.colcon_core.package_discovery:discover_packages(prefix_path) discover
[0.100s] DEBUG:colcon.colcon_installed_package_information.package_discovery:Found 6 installed packages in /home/emil/ros2_ws_lp/install
[0.100s] DEBUG:colcon.colcon_installed_package_information.package_discovery:Found 280 installed packages in /opt/ros/humble
[0.101s] Level 1:colcon.colcon_core.package_discovery:discover_packages(prefix_path) using defaults
[0.119s] Level 5:colcon.colcon_core.verb:set package 'bb_mpc' build argument 'cmake_args' from command line to 'None'
[0.119s] Level 5:colcon.colcon_core.verb:set package 'bb_mpc' build argument 'cmake_target' from command line to 'None'
[0.119s] Level 5:colcon.colcon_core.verb:set package 'bb_mpc' build argument 'cmake_target_skip_unavailable' from command line to 'False'
[0.119s] Level 5:colcon.colcon_core.verb:set package 'bb_mpc' build argument 'cmake_clean_cache' from command line to 'False'
[0.119s] Level 5:colcon.colcon_core.verb:set package 'bb_mpc' build argument 'cmake_clean_first' from command line to 'False'
[0.119s] Level 5:colcon.colcon_core.verb:set package 'bb_mpc' build argument 'cmake_force_configure' from command line to 'False'
[0.119s] Level 5:colcon.colcon_core.verb:set package 'bb_mpc' build argument 'ament_cmake_args' from command line to 'None'
[0.119s] Level 5:colcon.colcon_core.verb:set package 'bb_mpc' build argument 'catkin_cmake_args' from command line to 'None'
[0.119s] Level 5:colcon.colcon_core.verb:set package 'bb_mpc' build argument 'catkin_skip_building_tests' from command line to 'False'
[0.119s] DEBUG:colcon.colcon_core.verb:Building package 'bb_mpc' with the following arguments: {'ament_cmake_args': None, 'build_base': '/home/emil/ros2_ws_lp/src/bb_mpc/build/bb_mpc', 'catkin_cmake_args': None, 'catkin_skip_building_tests': False, 'cmake_args': None, 'cmake_clean_cache': False, 'cmake_clean_first': False, 'cmake_force_configure': False, 'cmake_target': None, 'cmake_target_skip_unavailable': False, 'install_base': '/home/emil/ros2_ws_lp/src/bb_mpc/install/bb_mpc', 'merge_install': False, 'path': '/home/emil/ros2_ws_lp/src/bb_mpc', 'symlink_install': True, 'test_result_base': None}
[0.119s] INFO:colcon.colcon_core.executor:Executing jobs using 'parallel' executor
[0.120s] DEBUG:colcon.colcon_parallel_executor.executor.parallel:run_until_complete
[0.120s] INFO:colcon.colcon_ros.task.ament_python.build:Building ROS package in '/home/emil/ros2_ws_lp/src/bb_mpc' with build type 'ament_python'
[0.120s] Level 1:colcon.colcon_core.shell:create_environment_hook('bb_mpc', 'ament_prefix_path')
[0.121s] INFO:colcon.colcon_core.plugin_system:Skipping extension 'colcon_core.shell.bat': Not used on non-Windows systems
[0.121s] INFO:colcon.colcon_core.shell:Creating environment hook '/home/emil/ros2_ws_lp/src/bb_mpc/install/bb_mpc/share/bb_mpc/hook/ament_prefix_path.ps1'
[0.122s] INFO:colcon.colcon_core.shell:Creating environment descriptor '/home/emil/ros2_ws_lp/src/bb_mpc/install/bb_mpc/share/bb_mpc/hook/ament_prefix_path.dsv'
[0.122s] INFO:colcon.colcon_core.shell:Creating environment hook '/home/emil/ros2_ws_lp/src/bb_mpc/install/bb_mpc/share/bb_mpc/hook/ament_prefix_path.sh'
[0.122s] INFO:colcon.colcon_core.shell:Skip shell extension 'powershell' for command environment: Not usable outside of PowerShell
[0.122s] DEBUG:colcon.colcon_core.shell:Skip shell extension 'dsv' for command environment
[0.230s] INFO:colcon.colcon_core.task.python.build:Building Python package in '/home/emil/ros2_ws_lp/src/bb_mpc'
[0.230s] INFO:colcon.colcon_core.shell:Skip shell extension 'powershell' for command environment: Not usable outside of PowerShell
[0.230s] DEBUG:colcon.colcon_core.shell:Skip shell extension 'dsv' for command environment
[0.528s] DEBUG:colcon.colcon_core.event_handler.log_command:Invoking command in '/home/emil/ros2_ws_lp/src/bb_mpc/build/bb_mpc': PYTHONPATH=/home/emil/ros2_ws_lp/src/bb_mpc/build/bb_mpc/prefix_override:/home/emil/ros2_ws_lp/src/bb_mpc/install/bb_mpc/lib/python3.10/site-packages:${PYTHONPATH} /usr/bin/python3 -W ignore:setup.py install is deprecated setup.py develop --editable --build-directory /home/emil/ros2_ws_lp/src/bb_mpc/build/bb_mpc/build --no-deps symlink_data
[0.851s] Level 1:colcon.colcon_core.shell:create_environment_hook('bb_mpc', 'pythonpath_develop')
[0.851s] INFO:colcon.colcon_core.shell:Creating environment hook '/home/emil/ros2_ws_lp/src/bb_mpc/build/bb_mpc/share/bb_mpc/hook/pythonpath_develop.ps1'
[0.851s] DEBUG:colcon.colcon_core.event_handler.log_command:Invoked command in '/home/emil/ros2_ws_lp/src/bb_mpc/build/bb_mpc' returned '0': PYTHONPATH=/home/emil/ros2_ws_lp/src/bb_mpc/build/bb_mpc/prefix_override:/home/emil/ros2_ws_lp/src/bb_mpc/install/bb_mpc/lib/python3.10/site-packages:${PYTHONPATH} /usr/bin/python3 -W ignore:setup.py install is deprecated setup.py develop --editable --build-directory /home/emil/ros2_ws_lp/src/bb_mpc/build/bb_mpc/build --no-deps symlink_data
[0.851s] INFO:colcon.colcon_core.shell:Creating environment descriptor '/home/emil/ros2_ws_lp/src/bb_mpc/build/bb_mpc/share/bb_mpc/hook/pythonpath_develop.dsv'
[0.852s] INFO:colcon.colcon_core.shell:Creating environment hook '/home/emil/ros2_ws_lp/src/bb_mpc/build/bb_mpc/share/bb_mpc/hook/pythonpath_develop.sh'
[0.853s] Level 1:colcon.colcon_core.environment:checking '/home/emil/ros2_ws_lp/src/bb_mpc/install/bb_mpc' for CMake module files
[0.853s] Level 1:colcon.colcon_core.environment:checking '/home/emil/ros2_ws_lp/src/bb_mpc/install/bb_mpc' for CMake config files
[0.853s] Level 1:colcon.colcon_core.environment:checking '/home/emil/ros2_ws_lp/src/bb_mpc/install/bb_mpc/lib'
[0.853s] Level 1:colcon.colcon_core.environment:checking '/home/emil/ros2_ws_lp/src/bb_mpc/install/bb_mpc/bin'
[0.853s] Level 1:colcon.colcon_core.environment:checking '/home/emil/ros2_ws_lp/src/bb_mpc/install/bb_mpc/lib/pkgconfig/bb_mpc.pc'
[0.854s] Level 1:colcon.colcon_core.environment:checking '/home/emil/ros2_ws_lp/src/bb_mpc/install/bb_mpc/lib/python3.10/site-packages'
[0.854s] Level 1:colcon.colcon_core.shell:create_environment_hook('bb_mpc', 'pythonpath')
[0.854s] INFO:colcon.colcon_core.shell:Creating environment hook '/home/emil/ros2_ws_lp/src/bb_mpc/install/bb_mpc/share/bb_mpc/hook/pythonpath.ps1'
[0.854s] INFO:colcon.colcon_core.shell:Creating environment descriptor '/home/emil/ros2_ws_lp/src/bb_mpc/install/bb_mpc/share/bb_mpc/hook/pythonpath.dsv'
[0.854s] INFO:colcon.colcon_core.shell:Creating environment hook '/home/emil/ros2_ws_lp/src/bb_mpc/install/bb_mpc/share/bb_mpc/hook/pythonpath.sh'
[0.854s] Level 1:colcon.colcon_core.environment:checking '/home/emil/ros2_ws_lp/src/bb_mpc/install/bb_mpc/bin'
[0.854s] Level 1:colcon.colcon_core.environment:create_environment_scripts_only(bb_mpc)
[0.854s] INFO:colcon.colcon_core.shell:Creating package script '/home/emil/ros2_ws_lp/src/bb_mpc/install/bb_mpc/share/bb_mpc/package.ps1'
[0.855s] INFO:colcon.colcon_core.shell:Creating package descriptor '/home/emil/ros2_ws_lp/src/bb_mpc/install/bb_mpc/share/bb_mpc/package.dsv'
[0.855s] INFO:colcon.colcon_core.shell:Creating package script '/home/emil/ros2_ws_lp/src/bb_mpc/install/bb_mpc/share/bb_mpc/package.sh'
[0.855s] INFO:colcon.colcon_core.shell:Creating package script '/home/emil/ros2_ws_lp/src/bb_mpc/install/bb_mpc/share/bb_mpc/package.bash'
[0.856s] INFO:colcon.colcon_core.shell:Creating package script '/home/emil/ros2_ws_lp/src/bb_mpc/install/bb_mpc/share/bb_mpc/package.zsh'
[0.856s] Level 1:colcon.colcon_core.environment:create_file_with_runtime_dependencies(/home/emil/ros2_ws_lp/src/bb_mpc/install/bb_mpc/share/colcon-core/packages/bb_mpc)
[0.856s] DEBUG:colcon.colcon_parallel_executor.executor.parallel:closing loop
[0.856s] DEBUG:colcon.colcon_parallel_executor.executor.parallel:loop closed
[0.856s] DEBUG:colcon.colcon_parallel_executor.executor.parallel:run_until_complete finished with '0'
[0.856s] DEBUG:colcon.colcon_core.event_reactor:joining thread
[0.859s] INFO:colcon.colcon_core.plugin_system:Skipping extension 'colcon_notification.desktop_notification.terminal_notifier': Not used on non-Darwin systems
[0.859s] INFO:colcon.colcon_core.plugin_system:Skipping extension 'colcon_notification.desktop_notification.win32': Not used on non-Windows systems
[0.859s] INFO:colcon.colcon_notification.desktop_notification:Sending desktop notification using 'notify2'
[0.868s] DEBUG:colcon.colcon_core.event_reactor:joined thread
[0.868s] INFO:colcon.colcon_core.shell:Creating prefix script '/home/emil/ros2_ws_lp/src/bb_mpc/install/local_setup.ps1'
[0.868s] INFO:colcon.colcon_core.shell:Creating prefix util module '/home/emil/ros2_ws_lp/src/bb_mpc/install/_local_setup_util_ps1.py'
[0.869s] INFO:colcon.colcon_core.shell:Creating prefix chain script '/home/emil/ros2_ws_lp/src/bb_mpc/install/setup.ps1'
[0.870s] INFO:colcon.colcon_core.shell:Creating prefix script '/home/emil/ros2_ws_lp/src/bb_mpc/install/local_setup.sh'
[0.870s] INFO:colcon.colcon_core.shell:Creating prefix util module '/home/emil/ros2_ws_lp/src/bb_mpc/install/_local_setup_util_sh.py'
[0.870s] INFO:colcon.colcon_core.shell:Creating prefix chain script '/home/emil/ros2_ws_lp/src/bb_mpc/install/setup.sh'
[0.870s] INFO:colcon.colcon_core.shell:Creating prefix script '/home/emil/ros2_ws_lp/src/bb_mpc/install/local_setup.bash'
[0.871s] INFO:colcon.colcon_core.shell:Creating prefix chain script '/home/emil/ros2_ws_lp/src/bb_mpc/install/setup.bash'
[0.871s] INFO:colcon.colcon_core.shell:Creating prefix script '/home/emil/ros2_ws_lp/src/bb_mpc/install/local_setup.zsh'
[0.871s] INFO:colcon.colcon_core.shell:Creating prefix chain script '/home/emil/ros2_ws_lp/src/bb_mpc/install/setup.zsh'
